GROUP,PACKAGE,CLASS,INSTRUCTION_MISSED,INSTRUCTION_COVERED,BRANCH_MISSED,BRANCH_COVERED,LINE_MISSED,LINE_COVERED,COMPLEXITY_MISSED,COMPLEXITY_COVERED,METHOD_MISSED,METHOD_COVERED
Calendar,calendar,DateOutOfRangeException,7,0,0,0,4,0,2,0,2,0
Calendar,calendar,CalendarMain,420,0,24,0,89,0,14,0,2,0
Calendar,calendar,Appt,24,322,9,23,7,85,11,35,2,28
Calendar,calendar,CalDay,15,187,7,11,6,47,8,16,2,13
Calendar,calendar,CalendarUtil,11,80,3,7,4,9,3,6,1,3
Calendar,calendar,TimeTable,114,201,27,25,29,53,20,13,0,6
